1556623625055	mozrunner::runner	INFO	Running command: "C:\\Program Files\\Firefox Developer Edition\\firefox.exe" "-marionette" "-foreground" "-no-remote" "-profile" "C:\\Users\\XYZ\\AppData\\Local\\Temp\\rust_mozprofile.v2jwae5MpTAu"
1556623626410	addons.webextension.screenshots@mozilla.org	WARN	Loading extension 'screenshots@mozilla.org': Reading manifest: Invalid extension permission: mozillaAddons
1556623626411	addons.webextension.screenshots@mozilla.org	WARN	Loading extension 'screenshots@mozilla.org': Reading manifest: Invalid extension permission: resource://pdf.js/
1556623626412	addons.webextension.screenshots@mozilla.org	WARN	Loading extension 'screenshots@mozilla.org': Reading manifest: Invalid extension permission: about:reader*
1556623631280	Marionette	INFO	Listening on port 65082
1556623631597	Marionette	WARN	TLS certificate errors will be ignored for this session
JavaScript warning: http://localhost:3000/static/js/main.chunk.js, line 8671: unreachable code after return statement
JavaScript warning: http://localhost:3000/static/js/main.chunk.js, line 8671: unreachable code after return statement
1556623635262	Marionette	INFO	Stopped listening on port 65082
JavaScript error: resource://gre/modules/UrlClassifierListManager.jsm, line 595: TypeError: this.tablesData[table] is undefined
[Child 26816, Chrome_ChildThread] WARNING: pipe error: 109: file z:/task_1556110388/build/src/ipc/chromium/src/chrome/common/ipc_channel_win.cc, line 341
[Child 26816, Chrom[Parent 13044, Gecko_IOThread] WARNING: pipe error: 109: file z:/task_1556110388/build/src/ipc/chromium/src/chrome/common/ipc_channel_win.cc, line 341
[Child 96, Chrome_ChildThread] WARNING: pipe error: 109: file z:/task_1556110388/build/src/ipc/chromium/src/chrome/common/ipc_channel_win.cc, line 341
[Child 96, Chrom[Parent 13044, Gecko_IOThread] WARNING: pipe error: 109: file z:/task_1556110388/build/src/ipc/chromium/src/chrome/common/ipc_channel_win.cc, line 341
[Child 15912, Chrome_ChildThread] WARNING: pipe error: 109: file z:/task_1556110388/build/src/ipc/chromium/src/chrome/common/ipc_channel_win.cc, line 341
[Child 15912
###!!! [Child][RunMessage] Error: Channel closing: too late to send/recv, messages will be lost


###!!! [Child][MessageChannel::SendAndWait] Error: Channel error: cannot send/recv

1556805721523	mozrunner::runner	INFO	Running command: "C:\\Program Files\\Firefox Developer Edition\\firefox.exe" "-marionette" "-foreground" "-no-remote" "-profile" "C:\\Users\\Gilan\\AppData\\Local\\Temp\\rust_mozprofile.aGrqQChJisng"
1556805722204	addons.webextension.screenshots@mozilla.org	WARN	Loading extension 'screenshots@mozilla.org': Reading manifest: Invalid extension permission: mozillaAddons
1556805722204	addons.webextension.screenshots@mozilla.org	WARN	Loading extension 'screenshots@mozilla.org': Reading manifest: Invalid extension permission: resource://pdf.js/
1556805722205	addons.webextension.screenshots@mozilla.org	WARN	Loading extension 'screenshots@mozilla.org': Reading manifest: Invalid extension permission: about:reader*
1556805727226	Marionette	INFO	Listening on port 59667
1556805727573	Marionette	WARN	TLS certificate errors will be ignored for this session
JavaScript error: resource://activity-stream/lib/ActivityStreamPrefs.jsm, line 23: NS_ERROR_ILLEGAL_VALUE: Component returned failure code: 0x80070057 (NS_ERROR_ILLEGAL_VALUE) [nsIPrefBranch.removeObserver]
[Child 8696, Chrome_ChildThread] WARNING: pipe error: 109: file z:/task_1556110388/build/src/ipc/chromium/src/chrome/common/ipc_channel_win.cc, line 341
[Child 8696, Chrome_ChildThread] WARNING: pipe error: 109: file z:/task_1556110388/build/src/ipc/chromium/sr1556805732505	mozrunner::runner	INFO	Running command: "C:\\Program Files\\Firefox Developer Edition\\firefox.exe" "-marionette" "-foreground" "-no-remote" "-profile" "C:\\Users\\Gilan\\AppData\\Local\\Temp\\rust_mozprofile.ODNnFuo9KBOY"
1556805733885	addons.webextension.screenshots@mozilla.org	WARN	Loading extension 'screenshots@mozilla.org': Reading manifest: Invalid extension permission: mozillaAddons
1556805733886	addons.webextension.screenshots@mozilla.org	WARN	Loading extension 'screenshots@mozilla.org': Reading manifest: Invalid extension permission: resource://pdf.js/
1556805733886	addons.webextension.screenshots@mozilla.org	WARN	Loading extension 'screenshots@mozilla.org': Reading manifest: Invalid extension permission: about:reader*
1556805738843	Marionette	INFO	Listening on port 59704
1556805739043	Marionette	WARN	TLS certificate errors will be ignored for this session
1556805742416	Marionette	INFO	Stopped listening on port 59704
[Child 11388, Chrome_ChildThread] WARNING: pipe error: 109: file z:/task_1556110388/build/src/ipc/chromium/src/chrome/common/ipc_channel_win.cc, line 341
[Child 11388, Chrome_ChildThread] WARNING: pipe error: 109: file [Parent 5028, Gecko_IOThread] WARNING: pipe error: 109: file z:/task_1556110388/build/src/ipc/chromium/src/chrome/common/ipc_channel_win.cc, line 341
[Child 9716, Chrome_ChildThread] WARNING: pipe error: 109: file z:/task_1556110388/build/src/ipc/chromium/src/chrome/common/ipc_channel_win.cc, line 341
[Child 9716, Chrome_ChildThr
###!!! [Child][RunMessage] Error: Channel closing: too late to send/recv, messages will be lost

[
###!!! [Child][MessageChannel::SendAndWait] Error: Channel error: cannot send/recv

1556805980234	mozrunner::runner	INFO	Running command: "C:\\Program Files\\Firefox Developer Edition\\firefox.exe" "-marionette" "-foreground" "-no-remote" "-profile" "C:\\Users\\Gilan\\AppData\\Local\\Temp\\rust_mozprofile.Bp2Lsg0z5PMY"
1556805981742	addons.webextension.screenshots@mozilla.org	WARN	Loading extension 'screenshots@mozilla.org': Reading manifest: Invalid extension permission: mozillaAddons
1556805981742	addons.webextension.screenshots@mozilla.org	WARN	Loading extension 'screenshots@mozilla.org': Reading manifest: Invalid extension permission: resource://pdf.js/
1556805981742	addons.webextension.screenshots@mozilla.org	WARN	Loading extension 'screenshots@mozilla.org': Reading manifest: Invalid extension permission: about:reader*
1556805985116	Marionette	INFO	Listening on port 59774
1556805985172	Marionette	WARN	TLS certificate errors will be ignored for this session
1556805988867	Marionette	INFO	Stopped listening on port 59774
JavaScript error: resource://activity-stream/lib/ActivityStreamPrefs.jsm, line 23: NS_ERROR_ILLEGAL_VALUE: Component returned failure code: 0x80070057 (NS_ERROR_ILLEGAL_VALUE) [nsIPrefBranch.removeObserver]
[Parent 2104, Gecko_IOThread] WARNING: pipe error: 109: file z:/task_1556110388/build/src/ipc/chromium/src/chrome/common/ipc_channel_win.cc, line 341
[Child 14980, Chrome_ChildThread] WARNING: pipe error: 109: file z:/task_1556110388/build/src/ipc/chromium/src/chrome/common/ipc_channel_win.cc, line 341
[Child 14980, Chrome_ChildThread] WARNING: pipe error: 109: file z:/task_1556110388/build/src/ipc/chromium/src/chrome/common/ipc_channel_win.cc, line 341

###!!! [Child][MessageChannel] Error: (msgtype=0xAA0006,name=PWebSocket::Msg_DeleteSelf) Channel closing: too late to send/recv, messages will be lost

JavaScript error: resource://gre/modules/ExtensionSettingsStore.jsm, line 105: Error: The ExtensionSettingsStore was accessed before the initialize promise resolved.
JavaScript error: resource://gre/modules/Sqlite.jsm, line 834: Error: Connection is not open.
JavaScript error: , line 0: AbortError: A request was aborted, for example through a call to IDBTransaction.abort.
console.log: "RemoteSettingsWorker error: UnknownError: The operation failed for reasons unrelated to the database itself and not covered by any other error code."

###!!! [Child][RunMessage] Error: Channel closing: too late to send/recv, messages will be lost

[
###!!! [Child][MessageChannel::SendAndWait] Error: Channel error: cannot send/recv

1556805997843	mozrunner::runner	INFO	Running command: "C:\\Program Files\\Firefox Developer Edition\\firefox.exe" "-marionette" "-foreground" "-no-remote" "-profile" "C:\\Users\\Gilan\\AppData\\Local\\Temp\\rust_mozprofile.NBTgtxnRsRmE"
1556805998558	addons.webextension.screenshots@mozilla.org	WARN	Loading extension 'screenshots@mozilla.org': Reading manifest: Invalid extension permission: mozillaAddons
1556805998559	addons.webextension.screenshots@mozilla.org	WARN	Loading extension 'screenshots@mozilla.org': Reading manifest: Invalid extension permission: resource://pdf.js/
1556805998559	addons.webextension.screenshots@mozilla.org	WARN	Loading extension 'screenshots@mozilla.org': Reading manifest: Invalid extension permission: about:reader*
1556806004368	Marionette	INFO	Listening on port 59818
1556806004388	Marionette	WARN	TLS certificate errors will be ignored for this session
1556806008326	Marionette	INFO	Stopped listening on port 59818

###!!! [Child][RunMessage] Error: Channel closing: too late to send/recv, messages will be lost

[Child 15052, Chrome_ChildThread] WARNING: pipe error: 109: file z:/task_1556110388/build/src/ipc/chromium/src/chrome/common/ipc_channel_win.cc, line 341
[Child 15052, Chrome_ChildThread] WARNING: pipe error:[Parent 10524, Gecko_IOThread] WARNING: pipe error: 109: file z:/task_1556110388/build/src/ipc/chromium/src/chrome/common/ipc_channel_win.cc, line 341
[Child 12028, Chrome_ChildThread] WARNING: pipe error: 109: file z:/task_1556110388/build/src/ipc/chromium/src/chrome/common/ipc_channel_win.cc, line 341
[Child 12028, Chro[GPU 1
###!!! [Child][RunMessage] Error: Channel closing: too late to send/recv, messages will be lost


###!!! [Child][MessageChannel::SendAndWait] Error: Channel error: cannot send/recv

1556806014990	mozrunner::runner	INFO	Running command: "C:\\Program Files\\Firefox Developer Edition\\firefox.exe" "-marionette" "-foreground" "-no-remote" "-profile" "C:\\Users\\Gilan\\AppData\\Local\\Temp\\rust_mozprofile.yJLYIANEY4s2"
1556806016285	addons.webextension.screenshots@mozilla.org	WARN	Loading extension 'screenshots@mozilla.org': Reading manifest: Invalid extension permission: mozillaAddons
1556806016285	addons.webextension.screenshots@mozilla.org	WARN	Loading extension 'screenshots@mozilla.org': Reading manifest: Invalid extension permission: resource://pdf.js/
1556806016285	addons.webextension.screenshots@mozilla.org	WARN	Loading extension 'screenshots@mozilla.org': Reading manifest: Invalid extension permission: about:reader*
1556806022342	Marionette	INFO	Listening on port 59866
1556806022642	Marionette	WARN	TLS certificate errors will be ignored for this session
1556806027937	Marionette	INFO	Stopped listening on port 59866
[Parent 5192, Gecko_IOThread] WARNING: pipe error: 109: file z:/task_1556110388/build/src/ipc/chromium/src/chrome/common/ipc_channel_win.cc, line 341
[Child 11164, Chrome_ChildThread] WARNING: pipe error: 109: file z:/task_1556110388/build/src/ipc/chromium/src/chrome/common/ipc_channel_win.cc, line 341
[Child 11164, Chrome_ChildThread] WARNING: pipe error: 109: file z:/task_1556110388/build/src/ipc/chromium/src/chrome/common/ipc_channel_win.cc, li[Child 7552, Chrome_ChildThread] WARNING: pipe error: 109: file z:/task_1556110388/build/src/ipc/chromium/src/chrome/common/ipc_channel_win.cc, line 341
[Child 7552, Chrome_ChildThread] WARNING: pipe error: 109: file z:/[Parent 5192, Gecko_IOThread] WARNING: pipe error: 109: file z:/task_1556110388/build/src/ipc/chromium/src/chrome/common/ipc_channel_win.cc, line 341
[Child 11732, Chrome_ChildThread] WARNING: pipe error: 109: file z:/task_1556110388/build/src/ipc/chromium/src/chrome/common/ipc_channel_win.cc, line 341
[Child 11732, C
###!!! [Child][RunMessage] Error: Channel closing: too late to send/recv, messages will be lost

[GPU 1
###!!! [Child][MessageChannel::SendAndWait] Error: Channel error: cannot send/recv

1556806034525	mozrunner::runner	INFO	Running command: "C:\\Program Files\\Firefox Developer Edition\\firefox.exe" "-marionette" "-foreground" "-no-remote" "-profile" "C:\\Users\\Gilan\\AppData\\Local\\Temp\\rust_mozprofile.bFtfmEAxDqIN"
1556806035342	addons.webextension.screenshots@mozilla.org	WARN	Loading extension 'screenshots@mozilla.org': Reading manifest: Invalid extension permission: mozillaAddons
1556806035342	addons.webextension.screenshots@mozilla.org	WARN	Loading extension 'screenshots@mozilla.org': Reading manifest: Invalid extension permission: resource://pdf.js/
1556806035343	addons.webextension.screenshots@mozilla.org	WARN	Loading extension 'screenshots@mozilla.org': Reading manifest: Invalid extension permission: about:reader*
1556806040064	Marionette	INFO	Listening on port 59928
1556806040074	Marionette	WARN	TLS certificate errors will be ignored for this session
console.error: BroadcastService: 
  receivedBroadcastMessage: handler for
  remote-settings/monitor_changes
  threw error:
  Message: Error: Polling for changes failed: http://%(server)s/dummy/blocklist//buckets/monitor/collections/changes/records?_expected=%221556794746654%22 is not a valid URL..
  Stack:
    remoteSettingsFunction/remoteSettings.pollChanges@resource://services-settings/remote-settings.js:203:13

1556806188984	Marionette	INFO	Stopped listening on port 59928
[Parent 10480, Gecko_IOThread] WARNING: pipe error: 109: file z:/task_1556110388/build/src/ipc/chromium/src/chrome/common/ipc_channel_win.cc, line 341

###!!! [Child][RunMessage] Error: Channel closing: too late to send/recv, messages will be lost

[GPU 
###!!! [Child][MessageChannel::SendAndWait] Error: Channel error: cannot send/recv

1556806193452	mozrunner::runner	INFO	Running command: "C:\\Program Files\\Firefox Developer Edition\\firefox.exe" "-marionette" "-foreground" "-no-remote" "-profile" "C:\\Users\\Gilan\\AppData\\Local\\Temp\\rust_mozprofile.tYG6s0NesAyP"
1556806194806	addons.webextension.screenshots@mozilla.org	WARN	Loading extension 'screenshots@mozilla.org': Reading manifest: Invalid extension permission: mozillaAddons
1556806194806	addons.webextension.screenshots@mozilla.org	WARN	Loading extension 'screenshots@mozilla.org': Reading manifest: Invalid extension permission: resource://pdf.js/
1556806194806	addons.webextension.screenshots@mozilla.org	WARN	Loading extension 'screenshots@mozilla.org': Reading manifest: Invalid extension permission: about:reader*
1556806200506	Marionette	INFO	Listening on port 60037
1556806200616	Marionette	WARN	TLS certificate errors will be ignored for this session
1556806205544	Marionette	INFO	Stopped listening on port 60037
[Parent 14720, Gecko_IOThread] WARNING: pipe error: 109: file z:/task_1556110388/build/src/ipc/chromium/src/chrome/common/ipc_channel_win.cc, line 341
[Child 15776, Chrome_ChildThread] WARNING: pipe error: 109: file z:/task_1556110388/build/src/ipc/chromium/src/chrome/common/ipc_channel_win.cc, line 341

###!!! [Child][RunMessage] Error: Channel closing: too late to send/recv, messages will be lost

[Parent 14720, Gecko_IOThread] WARNING: pipe error: 109: file z:/task_1556110388/build/src/ipc/chromium/src/chrome/common/ipc_channel_win.cc, line 341

###!!! [Child][RunMessage] Error: Channel closing: too late to send/recv, messages will be lost


###!!! [Child][MessageChannel::SendAndWait] Error: Channel error: cannot send/recv

1556806211742	mozrunner::runner	INFO	Running command: "C:\\Program Files\\Firefox Developer Edition\\firefox.exe" "-marionette" "-foreground" "-no-remote" "-profile" "C:\\Users\\Gilan\\AppData\\Local\\Temp\\rust_mozprofile.lqJASIDg5RZT"
1556806212788	addons.webextension.screenshots@mozilla.org	WARN	Loading extension 'screenshots@mozilla.org': Reading manifest: Invalid extension permission: mozillaAddons
1556806212789	addons.webextension.screenshots@mozilla.org	WARN	Loading extension 'screenshots@mozilla.org': Reading manifest: Invalid extension permission: resource://pdf.js/
1556806212789	addons.webextension.screenshots@mozilla.org	WARN	Loading extension 'screenshots@mozilla.org': Reading manifest: Invalid extension permission: about:reader*
1556806217927	Marionette	INFO	Listening on port 60098
1556806218294	Marionette	WARN	TLS certificate errors will be ignored for this session
1556806223137	Marionette	INFO	Stopped listening on port 60098
JavaScript error: resource://gre/modules/UrlClassifierListManager.jsm, line 595: TypeError: this.tablesData[table] is undefined
[Child 10824, Chrome_ChildThread] WARNING: pipe error: 109: file z:/task_1556110388/build/src/ipc/chromium/src/chrome/common/ipc_channel_win.cc, line 341
[Chil[Child 8372, Chrome_ChildThread] WARNING: pipe error: 109: file z:/task_1556110388/build/src/ipc/chromium/src/chrome/common/ipc_channel_win.cc, line 341
[Child 8[GPU 
###!!! [Child][RunMessage] Error: Channel closing: too late to send/recv, messages will be lost


###!!! [Child][MessageChannel::SendAndWait] Error: Channel error: cannot send/recv

1556806229103	mozrunner::runner	INFO	Running command: "C:\\Program Files\\Firefox Developer Edition\\firefox.exe" "-marionette" "-foreground" "-no-remote" "-profile" "C:\\Users\\Gilan\\AppData\\Local\\Temp\\rust_mozprofile.Xog8Oa3hukIg"
1556806230043	addons.webextension.screenshots@mozilla.org	WARN	Loading extension 'screenshots@mozilla.org': Reading manifest: Invalid extension permission: mozillaAddons
1556806230044	addons.webextension.screenshots@mozilla.org	WARN	Loading extension 'screenshots@mozilla.org': Reading manifest: Invalid extension permission: resource://pdf.js/
1556806230044	addons.webextension.screenshots@mozilla.org	WARN	Loading extension 'screenshots@mozilla.org': Reading manifest: Invalid extension permission: about:reader*
1556806233370	Marionette	INFO	Listening on port 60151
1556806233442	Marionette	WARN	TLS certificate errors will be ignored for this session
1556806240234	Marionette	INFO	Stopped listening on port 60151
[Parent 13744, Gecko_IOThread] WARNING: pipe error: 109: file z:/task_1556110388/build/src/ipc/chromium/src/chrome/common/ipc_channel_win.cc, line 341
[Child 4592, Chrome_ChildThread] WARNING: pipe error: 109: file z:/task_1556110388/build/src/ipc/chromium/src/chrome/common/ipc_channel_win.cc, line 341
[Child 4592, Chrome_ChildT
###!!! [Child][MessageChannel::SendAndWait] Error: Channel error: cannot send/recv

1556806246240	mozrunner::runner	INFO	Running command: "C:\\Program Files\\Firefox Developer Edition\\firefox.exe" "-marionette" "-foreground" "-no-remote" "-profile" "C:\\Users\\Gilan\\AppData\\Local\\Temp\\rust_mozprofile.Oyi0raamQGup"
1556806247813	addons.webextension.screenshots@mozilla.org	WARN	Loading extension 'screenshots@mozilla.org': Reading manifest: Invalid extension permission: mozillaAddons
1556806247813	addons.webextension.screenshots@mozilla.org	WARN	Loading extension 'screenshots@mozilla.org': Reading manifest: Invalid extension permission: resource://pdf.js/
1556806247813	addons.webextension.screenshots@mozilla.org	WARN	Loading extension 'screenshots@mozilla.org': Reading manifest: Invalid extension permission: about:reader*
1556806251284	Marionette	INFO	Listening on port 60202
1556806251682	Marionette	WARN	TLS certificate errors will be ignored for this session
1556806258665	Marionette	INFO	Stopped listening on port 60202
[Child 13000, Chrome_ChildThread] WARNING: pipe error: 109: file z:/task_1556110388/build/src/ipc/chromium/src/chrome/common/ipc_channel_win.cc, line 341
[Child 13000, Chrome_ChildThread] WARNING: pipe error: 109: file z:/task_1556110388/build/src/ipc/chromium/src/chrome/common/ipc_channel_win.cc, line 341
[Parent 1072, Gecko_IOThread] WARNING: pipe error: 109: file z:/task_1556110388/build/src/ipc/chromium/src/chrome/common/ipc_channel_win.cc, line 341
[Child 10692, Chrome_ChildThread] WARNING: pipe error: 109: file z:/task_1556110388/build/src/ipc/chromium/src/chrome/common/ipc_channel_win.cc, line 341
[Child 10692, Chrome_ChildThread] WARNING: pipe error: 109: file z:/task_[Parent 1072, Gecko_IOThread] WARNING: pipe error: 109: file z:/task_1556110388/build/src/ipc/chromium/src/chrome/common/ipc_channel_win.cc, line 341

###!!! [Child][RunMessage] Error: Channel closing: too late to send/recv, messages will be lost

[
###!!! [Child][MessageChannel::SendAndWait] Error: Channel error: cannot send/recv

1556806263607	mozrunner::runner	INFO	Running command: "C:\\Program Files\\Firefox Developer Edition\\firefox.exe" "-marionette" "-foreground" "-no-remote" "-profile" "C:\\Users\\Gilan\\AppData\\Local\\Temp\\rust_mozprofile.GNs1t7l85J0o"
1556806264766	addons.webextension.screenshots@mozilla.org	WARN	Loading extension 'screenshots@mozilla.org': Reading manifest: Invalid extension permission: mozillaAddons
1556806264766	addons.webextension.screenshots@mozilla.org	WARN	Loading extension 'screenshots@mozilla.org': Reading manifest: Invalid extension permission: resource://pdf.js/
1556806264766	addons.webextension.screenshots@mozilla.org	WARN	Loading extension 'screenshots@mozilla.org': Reading manifest: Invalid extension permission: about:reader*
1556806269822	Marionette	INFO	Listening on port 60263
1556806270157	Marionette	WARN	TLS certificate errors will be ignored for this session
1556806277826	Marionette	INFO	Stopped listening on port 60263
[Parent 6980, Gecko_IOThread] WARNING: pipe error: 109: file z:/task_1556110388/build/src/ipc/chromium/src/chrome/common/ipc_channel_win.cc, line 341
[Child 7788, Chrome_ChildThread] WARNING: pipe error: 109: file z:/task_1556110388/build/src/ipc/chromium/src/chrome/common/ipc_channel_win.cc, line 341
[Child 
###!!! [Child][RunMessage] Error: Channel closing: too late to send/recv, messages will be lost

[Parent 6980, Gecko_IOThread] WARNING: pipe error: 109: file z:/task_1556110388/build/src/ipc/chromium/src/chrome/common/ipc_channel_win.cc, line 341
[Child 10596, Chrome_ChildThread] WARNING: pipe error: 109: file z:/task_1556110388/build/src/ipc/chromium/src/chrome/common/ipc_channel_win.cc, line 341
[Child 
###!!! [Child][RunMessage] Error: Channel closing: too late to send/recv, messages will be lost

[
###!!! [Child][MessageChannel::SendAndWait] Error: Channel error: cannot send/recv

1556806285103	mozrunner::runner	INFO	Running command: "C:\\Program Files\\Firefox Developer Edition\\firefox.exe" "-marionette" "-foreground" "-no-remote" "-profile" "C:\\Users\\Gilan\\AppData\\Local\\Temp\\rust_mozprofile.GOCFntmn0XZA"
1556806286633	addons.webextension.screenshots@mozilla.org	WARN	Loading extension 'screenshots@mozilla.org': Reading manifest: Invalid extension permission: mozillaAddons
1556806286634	addons.webextension.screenshots@mozilla.org	WARN	Loading extension 'screenshots@mozilla.org': Reading manifest: Invalid extension permission: resource://pdf.js/
1556806286634	addons.webextension.screenshots@mozilla.org	WARN	Loading extension 'screenshots@mozilla.org': Reading manifest: Invalid extension permission: about:reader*
1556806291566	Marionette	INFO	Listening on port 60312
1556806291789	Marionette	WARN	TLS certificate errors will be ignored for this session
1556806296675	Marionette	INFO	Stopped listening on port 60312

###!!! [Child][RunMessage] Error: Channel closing: too late to send/recv, messages will be lost

[GPU 10
###!!! [Child][MessageChannel::SendAndWait] Error: Channel error: cannot send/recv

1556806304738	mozrunner::runner	INFO	Running command: "C:\\Program Files\\Firefox Developer Edition\\firefox.exe" "-marionette" "-foreground" "-no-remote" "-profile" "C:\\Users\\Gilan\\AppData\\Local\\Temp\\rust_mozprofile.ujFr58E6An3w"
1556806306122	addons.webextension.screenshots@mozilla.org	WARN	Loading extension 'screenshots@mozilla.org': Reading manifest: Invalid extension permission: mozillaAddons
1556806306122	addons.webextension.screenshots@mozilla.org	WARN	Loading extension 'screenshots@mozilla.org': Reading manifest: Invalid extension permission: resource://pdf.js/
1556806306122	addons.webextension.screenshots@mozilla.org	WARN	Loading extension 'screenshots@mozilla.org': Reading manifest: Invalid extension permission: about:reader*
1556806311029	Marionette	INFO	Listening on port 60371
1556806311292	Marionette	WARN	TLS certificate errors will be ignored for this session
1556806314134	Marionette	INFO	Stopped listening on port 60371
[Parent 4228, Gecko_IOThread] WARNING: pipe error: 109: file z:/task_1556110388/build/src/ipc/chromium/src/chrome/common/ipc_channel_win.cc, line 341
[Child 14796, Chrome_ChildThread] WARNING: pipe error: 109: file z:/task_1556110388/build/src/ipc/chromium/src/chrome/common/ipc_channel_win.cc, line 341
[Child 
###!!! [Child][RunMessage] Error: Channel closing: too late to send/recv, messages will be lost


###!!! [Child][MessageChannel::SendAndWait] Error: Channel error: cannot send/recv

1556806320567	mozrunner::runner	INFO	Running command: "C:\\Program Files\\Firefox Developer Edition\\firefox.exe" "-marionette" "-foreground" "-no-remote" "-profile" "C:\\Users\\Gilan\\AppData\\Local\\Temp\\rust_mozprofile.Xs7qgUt2CjR4"
1556806321934	addons.webextension.screenshots@mozilla.org	WARN	Loading extension 'screenshots@mozilla.org': Reading manifest: Invalid extension permission: mozillaAddons
1556806321934	addons.webextension.screenshots@mozilla.org	WARN	Loading extension 'screenshots@mozilla.org': Reading manifest: Invalid extension permission: resource://pdf.js/
1556806321934	addons.webextension.screenshots@mozilla.org	WARN	Loading extension 'screenshots@mozilla.org': Reading manifest: Invalid extension permission: about:reader*
1556806326845	Marionette	INFO	Listening on port 60420
1556806327102	Marionette	WARN	TLS certificate errors will be ignored for this session
1556806330145	Marionette	INFO	Stopped listening on port 60420
[Parent 12900, Gecko_IOThread] WARNING: pipe error: 109: file z:/task_1556110388/build/src/ipc/chromium/src/chrome/common/ipc_channel_win.cc, line 341
[Child 5404, Chrome_ChildThread] WARNING: pipe error: 109: file z:/task_1556110388/build/src/ipc/chromium/src/chrome/common/ipc_channel_win.cc, line 341
[Child 5404, Chrome_ChildThread] WARNING: pipe error: 109: file z:/task_1556110388/build/src/ipc/chromium/sr[Child 16696, Chrome_ChildThread] WARNING: pipe error: 109: file z:/task_1556110388/build/src/ipc/chromium/src/chrome/common/ipc_channel_win.cc, line 341
[Child 16696, Chrome_ChildThread] WARNING: pipe error: 109: file z:/task_1556110388/build/src/ipc/chromium/src/chrome/common/ipc_channel_win.cc, line 341

###!!! [Child][RunMessage] Error: Channel closing: too late to send/recv, messages will be lost

[GPU 
###!!! [Child][MessageChannel::SendAndWait] Error: Channel error: cannot send/recv

1556806336276	mozrunner::runner	INFO	Running command: "C:\\Program Files\\Firefox Developer Edition\\firefox.exe" "-marionette" "-foreground" "-no-remote" "-profile" "C:\\Users\\Gilan\\AppData\\Local\\Temp\\rust_mozprofile.tqjA9LQsY0Y0"
1556806338182	addons.webextension.screenshots@mozilla.org	WARN	Loading extension 'screenshots@mozilla.org': Reading manifest: Invalid extension permission: mozillaAddons
1556806338182	addons.webextension.screenshots@mozilla.org	WARN	Loading extension 'screenshots@mozilla.org': Reading manifest: Invalid extension permission: resource://pdf.js/
1556806338182	addons.webextension.screenshots@mozilla.org	WARN	Loading extension 'screenshots@mozilla.org': Reading manifest: Invalid extension permission: about:reader*
1556806342779	Marionette	INFO	Listening on port 60471
1556806342836	Marionette	WARN	TLS certificate errors will be ignored for this session
1556806347198	Marionette	INFO	Stopped listening on port 60471
[Parent 3984, Gecko_IOThread] WARNING: pipe error: 109: file z:/task_1556110388/build/src/ipc/chromium/src/chrome/common/ipc_channel_win.cc, line 341
JavaScript error: resource://gre/modules/UrlClassifierListManager.jsm, line 595: TypeError: this.tablesData[table] is undefined
[Child 15940, Chrome_ChildThread] WARNING: pipe error: 109: file z:/task_1556110388/build/src/ipc/chromium/src/chrome/common/ipc_channel_win.cc, line 341
[Child
###!!! [Child][RunMessage] Error: Channel closing: too late to send/recv, messages will be lost

[
###!!! [Child][MessageChannel::SendAndWait] Error: Channel error: cannot send/recv

1556806353549	mozrunner::runner	INFO	Running command: "C:\\Program Files\\Firefox Developer Edition\\firefox.exe" "-marionette" "-foreground" "-no-remote" "-profile" "C:\\Users\\Gilan\\AppData\\Local\\Temp\\rust_mozprofile.q3EssUAXGkqG"
1556806354676	addons.webextension.screenshots@mozilla.org	WARN	Loading extension 'screenshots@mozilla.org': Reading manifest: Invalid extension permission: mozillaAddons
1556806354677	addons.webextension.screenshots@mozilla.org	WARN	Loading extension 'screenshots@mozilla.org': Reading manifest: Invalid extension permission: resource://pdf.js/
1556806354677	addons.webextension.screenshots@mozilla.org	WARN	Loading extension 'screenshots@mozilla.org': Reading manifest: Invalid extension permission: about:reader*
1556806358874	Marionette	INFO	Listening on port 60528
1556806358997	Marionette	WARN	TLS certificate errors will be ignored for this session
1556806361551	Marionette	INFO	Stopped listening on port 60528
JavaScript error: resource://activity-stream/lib/ActivityStreamPrefs.jsm, line 23: NS_ERROR_ILLEGAL_VALUE: Component returned failure code: 0x80070057 (NS_ERROR_ILLEGAL_VALUE) [nsIPrefBranch.removeObserver]

###!!! [Child][RunMessage] Error: Channel closing: too late to send/recv, messages will be lost


###!!! [Child][RunMessage] Error: Channel closing: too late to send/recv, messages will be lost

[Child 17300, 
###!!! [Child][RunMessage] Error: Channel closing: too late to send/recv, messages will be lost

Chrome_ChildThread] WARNING: pipe error: 109: file z:/task_1556110388/build/src/ipc/chromium/src/chrome/common/ipc_channel_win.cc, line 341
[Child 17300, Chrome_ChildThread] WARNING: pipe error: 109: file z:/task_1556110388/build/src/ipc/chromium/src/chrome/common/ipc_channel_[Parent 14956, Gecko_IOThread] WARNING: pipe error: 109: file z:/task_1556110388/build/src/ipc/chromium/src/chrome/common/ipc_channel_win.cc, line 341
[Child 5084, Chrome_ChildThread] WARNING: pipe error: 109: file z:/task_1556110388/build/src/ipc/chromium/src/chrome/common/ipc_channel_win.cc, line 341
[Child 5084, Chrome_ChiJavaScript error: resource://gre/modules/ExtensionSettingsStore.jsm, line 105: Error: The ExtensionSettingsStore was accessed before the initialize promise resolved.
JavaScript error: resource://gre/modules/Sqlite.jsm, line 834: Error: Connection is not open.
JavaScript error: , line 0: AbortError: A request was aborted, for example through a call to IDBTransaction.abort.
console.log: "RemoteSettingsWorker error: UnknownError: The operation failed for reasons unrelated to the database itself and not covered by any other error code."

###!!! [Child][RunMessage] Error: Channel closing: too late to send/recv, messages will be lost


###!!! [Child][MessageChannel::SendAndWait] Error: Channel error: cannot send/recv

1556806368036	mozrunner::runner	INFO	Running command: "C:\\Program Files\\Firefox Developer Edition\\firefox.exe" "-marionette" "-foreground" "-no-remote" "-profile" "C:\\Users\\Gilan\\AppData\\Local\\Temp\\rust_mozprofile.AHASLP83AqBG"
1556806371738	addons.webextension.screenshots@mozilla.org	WARN	Loading extension 'screenshots@mozilla.org': Reading manifest: Invalid extension permission: mozillaAddons
1556806371738	addons.webextension.screenshots@mozilla.org	WARN	Loading extension 'screenshots@mozilla.org': Reading manifest: Invalid extension permission: resource://pdf.js/
1556806371738	addons.webextension.screenshots@mozilla.org	WARN	Loading extension 'screenshots@mozilla.org': Reading manifest: Invalid extension permission: about:reader*
1556806375027	Marionette	INFO	Listening on port 60576
1556806375194	Marionette	WARN	TLS certificate errors will be ignored for this session
1556806378088	Marionette	INFO	Stopped listening on port 60576
JavaScript error: resource://activity-stream/lib/ActivityStreamPrefs.jsm, line 23: NS_ERROR_ILLEGAL_VALUE: Component returned failure code: 0x80070057 (NS_ERROR_ILLEGAL_VALUE) [nsIPrefBranch.removeObserver]
[Parent 15308, Gecko_IOThread] WARNING: pipe error: 109: file z:/task_1556110388/build/src/ipc/chromium/src/chrome/common/ipc_channel_win.cc, line 341
[Child 7068, Chrome_ChildThread] WARNING: pipe error: 109: file z:/task_1556110388/build/src/ipc/chromium/src/chrome/common/ipc_channel_win.cc, line 341
[Child 7068, Chrome_ChildThread] WARNING: pipe error: 109: file z:/task_1556110388/build/src/ipc/chromium/src/chr[Child 13636, Chrome_ChildThread] WARNING: pipe error: 109: file z:/task_1556110388/build/src/ipc/chromium/src/chrome/common/ipc_channel_win.cc, line 341
[Child 13636, Chrome_C[Parent 15308, Gecko_IOThread] WARNING: pipe error: 109: file z:/task_1556110388/build/src/ipc/chromium/src/chrome/common/ipc_channel_win.cc, line 341
[Child 5452, Chrome_ChildThread] WARNING: pipe error: 109: file z:/task_1556110388/build/src/ipc/chromium/src/chrome/common/ipc_channel_win.cc, line 341
[Child 5
###!!! [Child][RunMessage] Error: Channel closing: too late to send/recv, messages will be lost

[GPU 5492, Chrome_ChildT
###!!! [Child][MessageChannel::SendAndWait] Error: Channel error: cannot send/recv

1556806384375	mozrunner::runner	INFO	Running command: "C:\\Program Files\\Firefox Developer Edition\\firefox.exe" "-marionette" "-foreground" "-no-remote" "-profile" "C:\\Users\\Gilan\\AppData\\Local\\Temp\\rust_mozprofile.fIZVcyQmzCQB"
1556806385323	addons.webextension.screenshots@mozilla.org	WARN	Loading extension 'screenshots@mozilla.org': Reading manifest: Invalid extension permission: mozillaAddons
1556806385323	addons.webextension.screenshots@mozilla.org	WARN	Loading extension 'screenshots@mozilla.org': Reading manifest: Invalid extension permission: resource://pdf.js/
1556806385323	addons.webextension.screenshots@mozilla.org	WARN	Loading extension 'screenshots@mozilla.org': Reading manifest: Invalid extension permission: about:reader*
1556806388875	Marionette	INFO	Listening on port 60632
1556806389307	Marionette	WARN	TLS certificate errors will be ignored for this session
1556806393277	Marionette	INFO	Stopped listening on port 60632

###!!! [Child][RunMessage] Error: Channel closing: too late to send/recv, messages will be lost

[Child 9072, Chrome_C[Parent 9956, Gecko_IOThread] WARNING: file z:/task_1556110388/build/src/ipc/chromium/src/base/process_util_win.cc, line 160

###!!! [Child][RunMessage] Error: Channel closing: too late to send/recv, messages will be lost


###!!! [Child][MessageChannel::SendAndWait] Error: Channel error: cannot send/recv

1556806398502	mozrunner::runner	INFO	Running command: "C:\\Program Files\\Firefox Developer Edition\\firefox.exe" "-marionette" "-foreground" "-no-remote" "-profile" "C:\\Users\\Gilan\\AppData\\Local\\Temp\\rust_mozprofile.BryiDqsoFUAV"
1556806399616	addons.webextension.screenshots@mozilla.org	WARN	Loading extension 'screenshots@mozilla.org': Reading manifest: Invalid extension permission: mozillaAddons
1556806399617	addons.webextension.screenshots@mozilla.org	WARN	Loading extension 'screenshots@mozilla.org': Reading manifest: Invalid extension permission: resource://pdf.js/
1556806399617	addons.webextension.screenshots@mozilla.org	WARN	Loading extension 'screenshots@mozilla.org': Reading manifest: Invalid extension permission: about:reader*
1556806403749	Marionette	INFO	Listening on port 60690
1556806403945	Marionette	WARN	TLS certificate errors will be ignored for this session
1556806408612	Marionette	INFO	Stopped listening on port 60690

###!!! [Child][MessageChannel] Error: (msgtype=0x530012,name=PHttpChannel::Msg___delete__) Channel closing: too late to send/recv, messages will be lost


###!!! [Child][RunMessage] Error: Channel closing: too late to send/recv, messages will be lost


###!!! [Child][RunMessage] Error: Channel closing: too late to send/recv, messages will be lost


###!!! [Child][RunMessage] Error: Channel closing: too late to send/recv, messages will be lost

[Parent 11064, Gecko_IOThread] WARNING: pipe error: 109: file z:/task_1556110388/build/src/ipc/chromium/src/chrome/common/ipc_channel_win.cc, line 341
[GPU 
###!!! [Child][RunMessage] Error: Channel closing: too late to send/recv, messages will be lost


###!!! [Child][MessageChannel::SendAndWait] Error: Channel error: cannot send/recv

1556806413821	mozrunner::runner	INFO	Running command: "C:\\Program Files\\Firefox Developer Edition\\firefox.exe" "-marionette" "-foreground" "-no-remote" "-profile" "C:\\Users\\Gilan\\AppData\\Local\\Temp\\rust_mozprofile.LbKtAkq8GY7Z"
1556806415031	addons.webextension.screenshots@mozilla.org	WARN	Loading extension 'screenshots@mozilla.org': Reading manifest: Invalid extension permission: mozillaAddons
1556806415031	addons.webextension.screenshots@mozilla.org	WARN	Loading extension 'screenshots@mozilla.org': Reading manifest: Invalid extension permission: resource://pdf.js/
1556806415031	addons.webextension.screenshots@mozilla.org	WARN	Loading extension 'screenshots@mozilla.org': Reading manifest: Invalid extension permission: about:reader*
1556806421603	mozrunner::runner	INFO	Running command: "[Child 4720, Chrome_ChildThread] WARNING: pipe error: 109: file z:/task_1556110388/build/src/ipc/chromium/src/chrome/common/ipc_channel_win.cc, line 341
[Child[Parent 2624, Gecko_IOThread] WARNING: pipe error: 109: file z:/task_1556110388/build/src/ipc/chromium/src/chrome/common/ipc_channel_win.cc, line 341
1556806470203	Marionette	INFO	Stopped listening on port 60743

###!!! [Child][MessageChannel::SendAndWait] Error: Channel error: cannot send/recv

eading manifest: Invalid extension permission: resource://pdf.js/
1556806422303	addons.webextension.screenshots@mozilla.org	WARN	Loading extension 'screenshots@mozilla.org': Reading manifest: Invalid extension permission: about:reader*
1556806433000	Marionette	INFO	Listening on port 60771
1556806433154	Marionette	WARN	TLS certificate errors will be ignored for this session
1556806439610	Marionette	INFO	Stopped listening on port 60771
[Child 14960, Chrome_ChildThread] WARNING: pipe error: 232: file z:/task_1556110388/build/src/ipc/chromium/src/chrome/common/ipc_channel_win.cc, line 502
[Child 14960, Chrome_ChildThread] WARNING: pipe error: 109: file z:/task_1556110388/build/src/ipc/chromiu
###!!! [Child][MessageChannel::SendAndWait] Error: Channel error: cannot send/recv

1556806446009	mozrunner::runner	INFO	Running command: "C:\\Program Files\\Firefox Developer Edition\\firefox.exe" "-marionette" "-foreground" "-no-remote" "-profile" "C:\\Users\\Gilan\\AppData\\Local\\Temp\\rust_mozprofile.bTXnDhY2h943"
1556806447679	addons.webextension.screenshots@mozilla.org	WARN	Loading extension 'screenshots@mozilla.org': Reading manifest: Invalid extension permission: mozillaAddons
1556806447680	addons.webextension.screenshots@mozilla.org	WARN	Loading extension 'screenshots@mozilla.org': Reading manifest: Invalid extension permission: resource://pdf.js/
1556806447680	addons.webextension.screenshots@mozilla.org	WARN	Loading extension 'screenshots@mozilla.org': Reading manifest: Invalid extension permission: about:reader*
1556806452254	Marionette	INFO	Listening on port 60831
1556806452556	Marionette	WARN	TLS certificate errors will be ignored for this session
1556806459200	Marionette	INFO	Stopped listening on port 60831

###!!! [Child][RunMessage] Error: Channel closing: too late to send/recv, messages will be lost

[GPU 
###!!! [Child][MessageChannel::SendAndWait] Error: Channel error: cannot send/recv

1556806464663	mozrunner::runner	INFO	Running command: "C:\\Program Files\\Firefox Developer Edition\\firefox.exe" "-marionette" "-foreground" "-no-remote" "-profile" "C:\\Users\\Gilan\\AppData\\Local\\Temp\\rust_mozprofile.BmoqppHG74hS"
1556806465232	addons.webextension.screenshots@mozilla.org	WARN	Loading extension 'screenshots@mozilla.org': Reading manifest: Invalid extension permission: mozillaAddons
1556806465233	addons.webextension.screenshots@mozilla.org	WARN	Loading extension 'screenshots@mozilla.org': Reading manifest: Invalid extension permission: resource://pdf.js/
1556806465233	addons.webextension.screenshots@mozilla.org	WARN	Loading extension 'screenshots@mozilla.org': Reading manifest: Invalid extension permission: about:reader*
JavaScript error: , line 0: AbortError: A request was aborted, for example through a call to IDBTransaction.abort.

###!!! [Child][RunMessage] Error: Channel closing: too late to send/recv, messages will be lost

[GPU 975
###!!! [Child][MessageChannel::SendAndWait] Error: Channel error: cannot send/recv

1556806477804	mozrunner::runner	INFO	Running command: "C:\\Program Files\\Firefox Developer Edition\\firefox.exe" "-marionette" "-foreground" "-no-remote" "-profile" "C:\\Users\\Gilan\\AppData\\Local\\Temp\\rust_mozprofile.ZG9Tdd0WlBOX"
1556806478432	addons.webextension.screenshots@mozilla.org	WARN	Loading extension 'screenshots@mozilla.org': Reading manifest: Invalid extension permission: mozillaAddons
1556806478433	addons.webextension.screenshots@mozilla.org	WARN	Loading extension 'screenshots@mozilla.org': Reading manifest: Invalid extension permission: resource://pdf.js/
1556806478433	addons.webextension.screenshots@mozilla.org	WARN	Loading extension 'screenshots@mozilla.org': Reading manifest: Invalid extension permission: about:reader*
1556806484096	Marionette	INFO	Listening on port 60908
1556806484363	Marionette	WARN	TLS certificate errors will be ignored for this session
[Parent 10360, Gecko_IOThread] WARNING: pipe error: 109: file z:/task_1556110388/build/src/ipc/chromium/src/chrome/common/ipc_channel_win.cc, line 341
1556806490698	Marionette	INFO	Stopped listening on port 60908

###!!! [Child][RunMessage] Error: Channel closing: too late to send/recv, messages will be lost

[GPU 16040, C
###!!! [Child][MessageChannel::SendAndWait] Error: Channel error: cannot send/recv

