1553190940828	mozrunner::runner	INFO	Running command: "C:\\Program Files\\Firefox Developer Edition\\firefox.exe" "-marionette" "-foreground" "-no-remote" "-profile" "C:\\Users\\XYZ\\AppData\\Local\\Temp\\rust_mozprofile.Szac7VIKcmu3"
1553190941501	addons.webextension.screenshots@mozilla.org	WARN	Loading extension 'screenshots@mozilla.org': Reading manifest: Invalid extension permission: mozillaAddons
1553190941501	addons.webextension.screenshots@mozilla.org	WARN	Loading extension 'screenshots@mozilla.org': Reading manifest: Invalid extension permission: resource://pdf.js/
1553190941501	addons.webextension.screenshots@mozilla.org	WARN	Loading extension 'screenshots@mozilla.org': Reading manifest: Invalid extension permission: about:reader*
1553190943904	Marionette	INFO	Listening on port 60889
1553190944047	Marionette	WARN	TLS certificate errors will be ignored for this session
[Parent 24548, Gecko_IOThread] WARNING: pipe error: 109: file z:/task_1552575759/build/src/ipc/chromium/src/chrome/common/ipc_channel_win.cc, line 341
[Child 5636, Chrome_ChildThread] WARNING: pipe error: 109: file z:/task_1552575759/build/src/ipc/chromium/src/chrome/common/ipc_channel_win.cc, line 341
[Child 5636, Chrome_ChildThread] WARNING: pipe error: 109: file z:/task_1552575759/build/src/ipc/c[Child 23464, Chrome_ChildThread] WARNING: pipe error: 109: file z:/task_1552575759/build/src/ipc/chromium/src/chrome/common/ipc_channel_win.cc, line 341
[Child 23464,[Parent 24548, Gecko_IOThread] WARNING: pipe error: 109: file z:/task_1552575759/build/src/ipc/chromium/src/chrome/common/ipc_channel_win.cc, line 341
1553190962036	Marionette	INFO	Stopped listening on port 60889
[GPU 13420,
###!!! [Child][RunMessage] Error: Channel closing: too late to send/recv, messages will be lost


###!!! [Child][MessageChannel::SendAndWait] Error: Channel error: cannot send/recv

1553191100649	mozrunner::runner	INFO	Running command: "C:\\Program Files\\Firefox Developer Edition\\firefox.exe" "-marionette" "-foreground" "-no-remote" "-profile" "C:\\Users\\XYZ\\AppData\\Local\\Temp\\rust_mozprofile.R6VoZC8hlKZw"
1553191101037	addons.webextension.screenshots@mozilla.org	WARN	Loading extension 'screenshots@mozilla.org': Reading manifest: Invalid extension permission: mozillaAddons
1553191101037	addons.webextension.screenshots@mozilla.org	WARN	Loading extension 'screenshots@mozilla.org': Reading manifest: Invalid extension permission: resource://pdf.js/
1553191101037	addons.webextension.screenshots@mozilla.org	WARN	Loading extension 'screenshots@mozilla.org': Reading manifest: Invalid extension permission: about:reader*
1553191102336	Marionette	INFO	Listening on port 61025
1553191102765	Marionette	WARN	TLS certificate errors will be ignored for this session
console.error: BroadcastService: 
  receivedBroadcastMessage: handler for
  remote-settings/monitor_changes
  threw error:
  Message: Error: Polling for changes failed: http://%(server)s/dummy/blocklist//buckets/monitor/collections/changes/records?_expected=%221553172061896%22 is not a valid URL..
  Stack:
    remoteSettingsFunction/remoteSettings.pollChanges@resource://services-settings/remote-settings.js:203:13

1553191200217	Marionette	INFO	Stopped listening on port 61025
[Parent 26472, Gecko_IOThread] WARNING: pipe error: 109: file z:/task_1552575759/build/src/ipc/chromium/src/chrome/common/ipc_channel_win.cc, line 341
[Child 16148, Chrome_ChildThread] WARNING: pipe error: 109: file z:/task_1552575759/build/src/ipc/chromium/src/chrome/common/ipc_channel_win.cc, line 341
[Child 16148, Chrome[Parent 26472, Gecko_IOThread] WARNING: pipe error: 109: file z:/task_1552575759/build/src/ipc/chromium/src/chrome/common/ipc_channel_win.cc, line 341
[Child 21748, Chrome_ChildThread] WARNING: pipe error: 109: file z:/task_1552575759/build/src/ipc/chromium/src/chrome/common/ipc_channel_win.cc, line 341
[Child 21748, Chrome_ChildThread] WARNING: pipe error: 109: file [Parent 26472, Gecko_IOThread] WARNING: pipe error: 109: file z:/task_1552575759/build/src/ipc/chromium/src/chrome/common/ipc_channel_win.cc, line 341
[Child 25096, Chrome_ChildThread] WARNING: pipe error: 109: file z:/task_1552575759/build/src/ipc/chromium/src/chrome/common/ipc_channel_win.cc, line 341
[Child 25096, Chrom[GPU 
###!!! [Child][RunMessage] Error: Channel closing: too late to send/recv, messages will be lost


###!!! [Child][MessageChannel::SendAndWait] Error: Channel error: cannot send/recv

1553192109131	mozrunner::runner	INFO	Running command: "C:\\Program Files\\Mozilla Firefox\\firefox.exe" "-marionette" "-foreground" "-no-remote" "-profile" "C:\\Users\\XYZ\\AppData\\Local\\Temp\\rust_mozprofile.GjX28SFcJhag"
1553192109485	addons.webextension.screenshots@mozilla.org	WARN	Loading extension 'screenshots@mozilla.org': Reading manifest: Invalid host permission: resource://pdf.js/
1553192109485	addons.webextension.screenshots@mozilla.org	WARN	Loading extension 'screenshots@mozilla.org': Reading manifest: Invalid host permission: about:reader*
1553192110725	Marionette	INFO	Listening on port 61212
1553192110752	Marionette	WARN	TLS certificate errors will be ignored for this session
1553192185262	Marionette	INFO	Stopped listening on port 61212
[Parent 25812, Gecko_IOThread] WARNING: pipe error: 109: file z:/build/build/src/ipc/chromium/src/chrome/common/ipc_channel_win.cc, line 332
[Child 24700, Chrome_ChildThread] WARNING: pipe error: 109: file z:/build/build/src/ipc/chromium/src/chrome/common/ipc_channel_win.cc, line 332
[Child 24700, [Parent 25812, Gecko_IOThread] WARNING: pipe error: 109: file z:/build/build/src/ipc/chromium/src/chrome/common/ipc_channel_win.cc, line 332
[Child 9128, Chrome_ChildThread] WARNING: pipe error: 109: file z:/build/build/src/ipc/chromium/src/chrome/common/ipc_channel_win.cc, line 332
[Child 9128, Chrome_Chi[Parent 25812, Gecko_IOThread] WARNING: pipe error: 109: file z:/build/build/src/ipc/chromium/src/chrome/common/ipc_channel_win.cc, line 332
[Child 24100, Chrome_ChildThread] WARNING: pipe error: 109: file z:/build/build/src/ipc/chromium/src/chrome/common/ipc_channel_win.cc, line 332
[Child 24100, Chrome_ChildThread] WARNING:
###!!! [Child][MessageChannel::SendAndWait] Error: Channel error: cannot send/recv

1553192414043	mozrunner::runner	INFO	Running command: "C:\\Program Files\\Mozilla Firefox\\firefox.exe" "-marionette" "-foreground" "-no-remote" "-profile" "C:\\Users\\XYZ\\AppData\\Local\\Temp\\rust_mozprofile.zW1HBZ3S7w1R"
1553192414376	addons.webextension.screenshots@mozilla.org	WARN	Loading extension 'screenshots@mozilla.org': Reading manifest: Invalid host permission: resource://pdf.js/
1553192414376	addons.webextension.screenshots@mozilla.org	WARN	Loading extension 'screenshots@mozilla.org': Reading manifest: Invalid host permission: about:reader*
1553192415503	Marionette	INFO	Listening on port 61326
1553192415655	Marionette	WARN	TLS certificate errors will be ignored for this session
[Parent 8244, Gecko_IOThread] WARNING: pipe error: 109: file z:/build/build/src/ipc/chromium/src/chrome/common/ipc_channel_win.cc, line 332
[Child 14272, Chrome_ChildThread] WARNING: pipe error: 109: file z:/build/build/src/ipc/chromium/src/chrome/common/ipc_channel_win.cc, line 332
[Child 14272, Chrome_[Child 23352, Chrome_ChildThread] WARNING: pipe error: 109: file z:/build/build/src/ipc/chromium/src/chrome/common/ipc_channel_win.cc, line 332
[Child 233[Parent 8244, Gecko_IOThread] WARNING: pipe error: 109: file z:/build/build/src/ipc/chromium/src/chrome/common/ipc_channel_win.cc, line 332
[Child 1620, Chrome_ChildThread] WARNING: pipe error: 109: file z:/build/build/src/ipc/chromium/src/chrome/common/ipc_channel_win.cc, line 332
[Child 1620, Chrome_ChildThread]1553192442452	Marionette	INFO	Stopped listening on port 61326
[GPU 
###!!! [Child][RunMessage] Error: Channel closing: too late to send/recv, messages will be lost

2
###!!! [Child][MessageChannel::SendAndWait] Error: Channel error: cannot send/recv

1553192514223	mozrunner::runner	INFO	Running command: "C:\\Program Files\\Mozilla Firefox\\firefox.exe" "-marionette" "-foreground" "-no-remote" "-profile" "C:\\Users\\XYZ\\AppData\\Local\\Temp\\rust_mozprofile.5cUNMyhQOyhe"
1553192514551	addons.webextension.screenshots@mozilla.org	WARN	Loading extension 'screenshots@mozilla.org': Reading manifest: Invalid host permission: resource://pdf.js/
1553192514551	addons.webextension.screenshots@mozilla.org	WARN	Loading extension 'screenshots@mozilla.org': Reading manifest: Invalid host permission: about:reader*
1553192515731	Marionette	INFO	Listening on port 61480
1553192515832	Marionette	WARN	TLS certificate errors will be ignored for this session
1553192545745	Marionette	INFO	Stopped listening on port 61480
[Parent 17832, Gecko_IOThread] WARNING: pipe error: 109: file z:/build/build/src/ipc/chromium/src/chrome/common/ipc_channel_win.cc, line 332
[Child 25076, Chrome_ChildThread] WARNING: pipe error: 109: file z:/build/build/src/ipc/chromium/src/chrome/common/ipc_channel_win.cc, line 332
[Child 25076, [Parent 17832, Gecko_IOThread] WARNING: pipe error: 109: file z:/build/build/src/ipc/chromium/src/chrome/common/ipc_channel_win.cc, line 332

###!!! [Child][MessageChannel] Error: (msgtype=0x35009F,name=PContent::Msg_StartVisitedQuery) Channel closing: too late to send/recv, messages will be lost

[Child 2960, Chrome_ChildThread] WARNING: pipe error: 232: file z:/build/build/src/ipc/chromium/src/chrome/common/ipc_channel_win.cc, line 493
[Child 2960, Chrom[Parent 17832, Gecko_IOThread] WARNING: pipe error: 109: file z:/build/build/src/ipc/chromium/src/chrome/common/ipc_channel_win.cc, line 332
[Child 19380, Chrome_ChildThread] WARNING: pipe error: 109: file z:/build/build/src/ipc/chromium/src/chrome/common/ipc_channel_win.cc, line 332
[Child 19380,
###!!! [Child][RunMessage] Error: Channel closing: too late to send/recv, messages will be lost


###!!! [Child][MessageChannel::SendAndWait] Error: Channel error: cannot send/recv

